<?xml version="1.0" encoding="UTF-8"?>
<testng-results skipped="0" failed="0" ignored="0" total="2" passed="2">
  <reporter-output>
  </reporter-output>
  <suite name="Default suite" duration-ms="76" started-at="2018-07-17T14:51:16Z" finished-at="2018-07-17T14:51:16Z">
    <groups>
    </groups>
    <test name="Default test" duration-ms="76" started-at="2018-07-17T14:51:16Z" finished-at="2018-07-17T14:51:16Z">
      <class name="TestPackage.Class2">
        <test-method status="PASS" signature="f()[pri:0, instance:TestPackage.Class2@215be6bb]" name="f" duration-ms="23" started-at="2018-07-17T14:51:16Z" finished-at="2018-07-17T14:51:16Z">
          <reporter-output>
          </reporter-output>
        </test-method> <!-- f -->
        <test-method status="PASS" signature="g()[pri:0, instance:TestPackage.Class2@215be6bb]" name="g" duration-ms="5" started-at="2018-07-17T14:51:16Z" finished-at="2018-07-17T14:51:16Z">
          <reporter-output>
          </reporter-output>
        </test-method> <!-- g -->
      </class> <!-- TestPackage.Class2 -->
    </test> <!-- Default test -->
  </suite> <!-- Default suite -->
</testng-results>
